<?xml version="1.0" encoding="UTF-8"?>
<!-- Generated by org.testng.reporters.JUnitXMLReporter -->
<testsuite ignored="0" hostname="DESKTOP-KM3AB7J" failures="0" tests="3" name="ChromeTest" time="56.024" errors="0" timestamp="2022-06-02T08:30:07 IST">
  <testcase classname="Testpack.TestNg" name="Ranking" time="16.692"/>
  <testcase classname="Testpack.TestNg" name="playerSearch" time="21.398"/>
  <testcase classname="Testpack.TestNg" name="t20Leauges" time="2.329"/>
</testsuite> <!-- ChromeTest -->
