<?xml version="1.0" encoding="UTF-8"?>
<!-- Generated by org.testng.reporters.JUnitXMLReporter -->
<testsuite ignored="0" hostname="DESKTOP-KM3AB7J" failures="0" tests="3" name="edgeTest" time="40.291" errors="0" timestamp="2022-06-02T08:29:51 IST">
  <testcase classname="Testpack.TestNg" name="Ranking" time="4.887"/>
  <testcase classname="Testpack.TestNg" name="playerSearch" time="6.289"/>
  <testcase classname="Testpack.TestNg" name="t20Leauges" time="4.736"/>
</testsuite> <!-- edgeTest -->
